DATADOG TRACER DIAGNOSTIC - Warning: Package 'body-parser' was loaded before dd-trace! This may break instrumentation.
DATADOG TRACER DIAGNOSTIC - Warning: Package 'express' was loaded before dd-trace! This may break instrumentation.
DATADOG TRACER DIAGNOSTIC - Warning: Package 'router' was loaded before dd-trace! This may break instrumentation.
DATADOG TRACER DIAGNOSTIC - Warning: Package 'path-to-regexp' was loaded before dd-trace! This may break instrumentation.
DATADOG TRACER DIAGNOSTIC - Warning: Package 'cookie' was loaded before dd-trace! This may break instrumentation.
DATADOG TRACER DIAGNOSTIC - Warning: Package 'multer' was loaded before dd-trace! This may break instrumentation.
DATADOG TRACER DIAGNOSTIC - Warning: Please ensure dd-trace is loaded before other modules.
DATADOG TRACER CONFIGURATION - {"date":"2026-07-14T02:36:09.734Z","os_name":"Linux","os_version":"6.8.0","architecture":"x64","version":"7.0.0-pre","lang":"nodejs","lang_version":"22.23.1","env":"tester","service":"test","agent_url":"http://127.0.0.1:45689/","debug":false,"sampling_rules":[],"tags":{"version":"7.0.0-pre","service":"test","env":"tester","runtime-id":"5fb0b491-1df7-457f-9f88-121c78b30326","_dd.rc.client_id":"6f3a7b03-3776-4383-8d33-5bc0e5c2b08a"},"dd_version":"7.0.0-pre","log_injection_enabled":true,"runtime_metrics_enabled":true,"profiling_enabled":false,"data_streams_enabled":false}
{"capture":"started","ddTraceVersion":"7.0.0-pre","otelEnabled":true,"samplePath":"/workspace/repo/.dd-apm-evidence/genkit/09-sample-app/sample-app.js","tracerAgentPort":45689}
setup: registered local Genkit 1.21.0 actions
{"name":"generation","status":"success","expectedError":false,"startedAt":"2026-07-14T02:36:10.630Z","completedAt":"2026-07-14T02:36:10.795Z","value":{"message":{"role":"model","content":[{"text":"Offline generation complete."}]},"finishReason":"stop","usage":{"inputTokens":11,"outputTokens":7,"totalTokens":18},"custom":{},"request":{"messages":[{"role":"user","content":[{"text":"Generate a deterministic offline response."}]}],"config":{},"tools":[],"output":{}}}}
{"name":"generationError","status":"expected_error","expectedError":true,"startedAt":"2026-07-14T02:36:10.795Z","completedAt":"2026-07-14T02:36:10.798Z","error":{"name":"Error","message":"intentional model runner failure"}}
{"name":"generationStream","status":"success","expectedError":false,"startedAt":"2026-07-14T02:36:10.798Z","completedAt":"2026-07-14T02:36:10.827Z","value":{"chunkCount":2,"chunkOrder":["offline ","stream complete"],"streamCompleted":true,"finalResponseAwaited":true,"finalOutput":"Offline generation complete."}}
{"name":"generationStreamError","status":"expected_error","expectedError":true,"startedAt":"2026-07-14T02:36:10.827Z","completedAt":"2026-07-14T02:36:10.830Z","error":{"name":"Error","message":"intentional model runner failure"}}
{"name":"workflow","status":"success","expectedError":false,"startedAt":"2026-07-14T02:36:10.830Z","completedAt":"2026-07-14T02:36:10.868Z","value":{"answer":"The Paris forecast is sunny at 21C.","documentCount":1,"embeddingCount":2,"toolLoopEvents":["model-turn-1","tool-lookupWeather","model-turn-2"]}}
{"name":"workflowError","status":"expected_error","expectedError":true,"startedAt":"2026-07-14T02:36:10.868Z","completedAt":"2026-07-14T02:36:10.869Z","error":{"name":"Error","message":"intentional flow runner failure"}}
{"name":"flowStepError","status":"expected_error","expectedError":true,"startedAt":"2026-07-14T02:36:10.870Z","completedAt":"2026-07-14T02:36:10.870Z","error":{"name":"Error","message":"intentional flow step failure"}}
{"name":"tool","status":"success","expectedError":false,"startedAt":"2026-07-14T02:36:10.870Z","completedAt":"2026-07-14T02:36:10.871Z","value":{"city":"Berlin","forecast":"sunny","temperatureCelsius":21}}
{"name":"toolError","status":"expected_error","expectedError":true,"startedAt":"2026-07-14T02:36:10.871Z","completedAt":"2026-07-14T02:36:10.872Z","error":{"name":"Error","message":"intentional tool runner failure"}}
{"name":"toolInterrupt","status":"success","expectedError":false,"startedAt":"2026-07-14T02:36:10.872Z","completedAt":"2026-07-14T02:36:10.875Z","value":{"finishReason":"interrupted","finishMessage":"One or more tool calls resulted in interrupts.","message":{"role":"model","content":[{"toolRequest":{"name":"approvalRequired","ref":"approval-1","input":{"task":"deploy"}},"metadata":{"interrupt":{"reason":"sample approval required","input":{"task":"deploy"}}}}]}}}
{"name":"retrieval","status":"success","expectedError":false,"startedAt":"2026-07-14T02:36:10.875Z","completedAt":"2026-07-14T02:36:10.876Z","value":[{"text":"Retrieved context for: offline retrieval query","metadata":{"name":"offline-document","id":"doc-1","score":0.91,"excludedSecret":"do-not-capture"}}]}
{"name":"retrievalError","status":"expected_error","expectedError":true,"startedAt":"2026-07-14T02:36:10.876Z","completedAt":"2026-07-14T02:36:10.877Z","error":{"name":"Error","message":"intentional retriever runner failure"}}
{"name":"embedding","status":"success","expectedError":false,"startedAt":"2026-07-14T02:36:10.877Z","completedAt":"2026-07-14T02:36:10.878Z","value":{"count":2,"dimensions":[3,3]}}
{"name":"embeddingError","status":"expected_error","expectedError":true,"startedAt":"2026-07-14T02:36:10.878Z","completedAt":"2026-07-14T02:36:10.879Z","error":{"name":"Error","message":"intentional embedder runner failure"}}
teardown: wrote /workspace/repo/.dd-apm-evidence/genkit/34-sample-results.json
DATADOG TRACER INTEGRATIONS LOADED - ["fs","net","dns","child_process","genkit","http","express"]
{"capture":"complete","schemaVersion":1,"capturedAt":"2026-07-14T02:36:11.936Z","sourceDiffSha256":"2f18329cc57421c538109e8fab5a216cd52a6f36a1ba2d1d3d547a3948bf1422","package":"genkit","version":"1.21.0","ddTraceVersion":"7.0.0-pre","nodeVersion":"v22.23.1","otelEnabled":true,"samplePath":"/workspace/repo/.dd-apm-evidence/genkit/09-sample-app/sample-app.js","sampleOperationCount":14,"unexpectedErrorCount":0,"apmRequestCount":15,"apmSpanCount":21,"llmobsRequestCount":2,"llmobsSpanCount":21}
